This is pdfTeX, Version 3.1415926-1.40.10 (TeX Live 2009/Debian) (format=pdflatex 2013.4.17)  20 AUG 2014 13:05
entering extended mode
 %&-line parsing enabled.
**climate_vignette.tex
(./climate_vignette.tex
LaTeX2e <2009/09/24>
Babel <v3.8l> and hyphenation patterns for english, usenglishmax, dumylang, noh
yphenation, loaded.
(/usr/share/texmf-texlive/tex/latex/base/article.cls
Document Class: article 2007/10/19 v1.4h Standard LaTeX document class
(/usr/share/texmf-texlive/tex/latex/base/size10.clo
File: size10.clo 2007/10/19 v1.4h Standard LaTeX file (size option)
)
\c@part=\count79
\c@section=\count80
\c@subsection=\count81
\c@subsubsection=\count82
\c@paragraph=\count83
\c@subparagraph=\count84
\c@figure=\count85
\c@table=\count86
\abovecaptionskip=\skip41
\belowcaptionskip=\skip42
\bibindent=\dimen102
)
\@input{graphicsx.aux}
\openout2 = `graphicsx.aux'.

No file graphicsx.tex.
(/usr/share/texmf-texlive/tex/latex/float/float.sty
Package: float 2001/11/08 v1.3d Float enhancements (AL)
\c@float@type=\count87
\float@exts=\toks14
\float@box=\box26
\@float@everytoks=\toks15
\@floatcapt=\box27
)
(/usr/share/R/share/texmf/tex/latex/Sweave.sty
Package: Sweave 

(/usr/share/texmf-texlive/tex/latex/base/ifthen.sty
Package: ifthen 2001/05/26 v1.1c Standard LaTeX ifthen package (DPC)
)
(/usr/share/texmf-texlive/tex/latex/graphics/graphicx.sty
Package: graphicx 1999/02/16 v1.0f Enhanced LaTeX Graphics (DPC,SPQR)

(/usr/share/texmf-texlive/tex/latex/graphics/keyval.sty
Package: keyval 1999/03/16 v1.13 key=value parser (DPC)
\KV@toks@=\toks16
)
(/usr/share/texmf-texlive/tex/latex/graphics/graphics.sty
Package: graphics 2009/02/05 v1.0o Standard LaTeX Graphics (DPC,SPQR)

(/usr/share/texmf-texlive/tex/latex/graphics/trig.sty
Package: trig 1999/03/16 v1.09 sin cos tan (DPC)
)
(/etc/texmf/tex/latex/config/graphics.cfg
File: graphics.cfg 2009/08/28 v1.8 graphics configuration of TeX Live
)
Package graphics Info: Driver file: pdftex.def on input line 91.

(/usr/share/texmf-texlive/tex/latex/pdftex-def/pdftex.def
File: pdftex.def 2010/03/12 v0.04p Graphics/color for pdfTeX
\Gread@gobject=\count88
))
\Gin@req@height=\dimen103
\Gin@req@width=\dimen104
)
(/usr/share/texmf-texlive/tex/latex/fancyvrb/fancyvrb.sty
Package: fancyvrb 2008/02/07

Style option: `fancyvrb' v2.7a, with DG/SPQR fixes, and firstline=lastline fix 
<2008/02/07> (tvz)
\FV@CodeLineNo=\count89
\FV@InFile=\read1
\FV@TabBox=\box28
\c@FancyVerbLine=\count90
\FV@StepNumber=\count91
\FV@OutFile=\write3
) (/usr/share/texmf-texlive/tex/latex/base/textcomp.sty
Package: textcomp 2005/09/27 v1.99g Standard LaTeX package
Package textcomp Info: Sub-encoding information:
(textcomp)               5 = only ISO-Adobe without \textcurrency
(textcomp)               4 = 5 + \texteuro
(textcomp)               3 = 4 + \textohm
(textcomp)               2 = 3 + \textestimated + \textcurrency
(textcomp)               1 = TS1 - \textcircled - \t
(textcomp)               0 = TS1 (full)
(textcomp)             Font families with sub-encoding setting implement
(textcomp)             only a restricted character set as indicated.
(textcomp)             Family '?' is the default used for unknown fonts.
(textcomp)             See the documentation for details.
Package textcomp Info: Setting ? sub-encoding to TS1/1 on input line 71.

(/usr/share/texmf-texlive/tex/latex/base/ts1enc.def
File: ts1enc.def 2001/06/05 v3.0e (jk/car/fm) Standard LaTeX file
)
LaTeX Info: Redefining \oldstylenums on input line 266.
Package textcomp Info: Setting cmr sub-encoding to TS1/0 on input line 281.
Package textcomp Info: Setting cmss sub-encoding to TS1/0 on input line 282.
Package textcomp Info: Setting cmtt sub-encoding to TS1/0 on input line 283.
Package textcomp Info: Setting cmvtt sub-encoding to TS1/0 on input line 284.
Package textcomp Info: Setting cmbr sub-encoding to TS1/0 on input line 285.
Package textcomp Info: Setting cmtl sub-encoding to TS1/0 on input line 286.
Package textcomp Info: Setting ccr sub-encoding to TS1/0 on input line 287.
Package textcomp Info: Setting ptm sub-encoding to TS1/4 on input line 288.
Package textcomp Info: Setting pcr sub-encoding to TS1/4 on input line 289.
Package textcomp Info: Setting phv sub-encoding to TS1/4 on input line 290.
Package textcomp Info: Setting ppl sub-encoding to TS1/3 on input line 291.
Package textcomp Info: Setting pag sub-encoding to TS1/4 on input line 292.
Package textcomp Info: Setting pbk sub-encoding to TS1/4 on input line 293.
Package textcomp Info: Setting pnc sub-encoding to TS1/4 on input line 294.
Package textcomp Info: Setting pzc sub-encoding to TS1/4 on input line 295.
Package textcomp Info: Setting bch sub-encoding to TS1/4 on input line 296.
Package textcomp Info: Setting put sub-encoding to TS1/5 on input line 297.
Package textcomp Info: Setting uag sub-encoding to TS1/5 on input line 298.
Package textcomp Info: Setting ugq sub-encoding to TS1/5 on input line 299.
Package textcomp Info: Setting ul8 sub-encoding to TS1/4 on input line 300.
Package textcomp Info: Setting ul9 sub-encoding to TS1/4 on input line 301.
Package textcomp Info: Setting augie sub-encoding to TS1/5 on input line 302.
Package textcomp Info: Setting dayrom sub-encoding to TS1/3 on input line 303.
Package textcomp Info: Setting dayroms sub-encoding to TS1/3 on input line 304.

Package textcomp Info: Setting pxr sub-encoding to TS1/0 on input line 305.
Package textcomp Info: Setting pxss sub-encoding to TS1/0 on input line 306.
Package textcomp Info: Setting pxtt sub-encoding to TS1/0 on input line 307.
Package textcomp Info: Setting txr sub-encoding to TS1/0 on input line 308.
Package textcomp Info: Setting txss sub-encoding to TS1/0 on input line 309.
Package textcomp Info: Setting txtt sub-encoding to TS1/0 on input line 310.
Package textcomp Info: Setting futs sub-encoding to TS1/4 on input line 311.
Package textcomp Info: Setting futx sub-encoding to TS1/4 on input line 312.
Package textcomp Info: Setting futj sub-encoding to TS1/4 on input line 313.
Package textcomp Info: Setting hlh sub-encoding to TS1/3 on input line 314.
Package textcomp Info: Setting hls sub-encoding to TS1/3 on input line 315.
Package textcomp Info: Setting hlst sub-encoding to TS1/3 on input line 316.
Package textcomp Info: Setting hlct sub-encoding to TS1/5 on input line 317.
Package textcomp Info: Setting hlx sub-encoding to TS1/5 on input line 318.
Package textcomp Info: Setting hlce sub-encoding to TS1/5 on input line 319.
Package textcomp Info: Setting hlcn sub-encoding to TS1/5 on input line 320.
Package textcomp Info: Setting hlcw sub-encoding to TS1/5 on input line 321.
Package textcomp Info: Setting hlcf sub-encoding to TS1/5 on input line 322.
Package textcomp Info: Setting pplx sub-encoding to TS1/3 on input line 323.
Package textcomp Info: Setting pplj sub-encoding to TS1/3 on input line 324.
Package textcomp Info: Setting ptmx sub-encoding to TS1/4 on input line 325.
Package textcomp Info: Setting ptmj sub-encoding to TS1/4 on input line 326.
)
(/usr/share/texmf-texlive/tex/latex/base/fontenc.sty
Package: fontenc 2005/09/27 v1.99g Standard LaTeX package

(/usr/share/texmf-texlive/tex/latex/base/t1enc.def
File: t1enc.def 2005/09/27 v1.99g Standard LaTeX file
LaTeX Font Info:    Redeclaring font encoding T1 on input line 43.
))
(/usr/share/texmf-texlive/tex/latex/ae/ae.sty
Package: ae 2001/02/12 1.3 Almost European Computer Modern

(/usr/share/texmf-texlive/tex/latex/base/fontenc.sty
Package: fontenc 2005/09/27 v1.99g Standard LaTeX package

(/usr/share/texmf-texlive/tex/latex/base/t1enc.def
File: t1enc.def 2005/09/27 v1.99g Standard LaTeX file
LaTeX Font Info:    Redeclaring font encoding T1 on input line 43.
)
LaTeX Font Info:    Try loading font information for T1+aer on input line 100.

(/usr/share/texmf-texlive/tex/latex/ae/t1aer.fd
File: t1aer.fd 1997/11/16 Font definitions for T1/aer.
)))) (./climate_vignette.aux)
\openout1 = `climate_vignette.aux'.

LaTeX Font Info:    Checking defaults for OML/cmm/m/it on input line 8.
LaTeX Font Info:    ... okay on input line 8.
LaTeX Font Info:    Checking defaults for T1/cmr/m/n on input line 8.
LaTeX Font Info:    ... okay on input line 8.
LaTeX Font Info:    Checking defaults for OT1/cmr/m/n on input line 8.
LaTeX Font Info:    ... okay on input line 8.
LaTeX Font Info:    Checking defaults for OMS/cmsy/m/n on input line 8.
LaTeX Font Info:    ... okay on input line 8.
LaTeX Font Info:    Checking defaults for OMX/cmex/m/n on input line 8.
LaTeX Font Info:    ... okay on input line 8.
LaTeX Font Info:    Checking defaults for U/cmr/m/n on input line 8.
LaTeX Font Info:    ... okay on input line 8.
LaTeX Font Info:    Checking defaults for TS1/cmr/m/n on input line 8.
LaTeX Font Info:    Try loading font information for TS1+cmr on input line 8.

(/usr/share/texmf-texlive/tex/latex/base/ts1cmr.fd
File: ts1cmr.fd 1999/05/25 v2.5h Standard LaTeX font definitions
)
LaTeX Font Info:    ... okay on input line 8.

(/usr/share/texmf-texlive/tex/context/base/supp-pdf.mkii
[Loading MPS to PDF converter (version 2006.09.02).]
\scratchcounter=\count92
\scratchdimen=\dimen105
\scratchbox=\box29
\nofMPsegments=\count93
\nofMParguments=\count94
\everyMPshowfont=\toks17
\MPscratchCnt=\count95
\MPscratchDim=\dimen106
\MPnumerator=\count96
\everyMPtoPDFconversion=\toks18
) (./climate_vignette-concordance.tex)
LaTeX Font Info:    External font `cmex10' loaded for size
(Font)              <12> on input line 10.
LaTeX Font Info:    External font `cmex10' loaded for size
(Font)              <8> on input line 10.
LaTeX Font Info:    External font `cmex10' loaded for size
(Font)              <6> on input line 10.
LaTeX Font Info:    Try loading font information for T1+aett on input line 48.

(/usr/share/texmf-texlive/tex/latex/ae/t1aett.fd
File: t1aett.fd 1997/11/16 Font definitions for T1/aett.
) [1



{/var/lib/texmf/fonts/map/pdftex/updmap/pdftex.map}]
<climate_vignette-004.pdf, id=14, 433.62pt x 433.62pt>
File: climate_vignette-004.pdf Graphic file (type pdf)

<use climate_vignette-004.pdf> [2] [3 <./climate_vignette-004.pdf>]
<climate_vignette-007.pdf, id=26, 433.62pt x 433.62pt>
File: climate_vignette-007.pdf Graphic file (type pdf)

<use climate_vignette-007.pdf> [4] [5 <./climate_vignette-007.pdf>]
LaTeX Font Info:    External font `cmex10' loaded for size
(Font)              <7> on input line 249.
LaTeX Font Info:    External font `cmex10' loaded for size
(Font)              <5> on input line 249.
 [6]
</home/william/Reading/rstudio/climate/compare_1.jpeg, id=46, 641.39626pt x 405
.515pt>
File: /home/william/Reading/rstudio/climate/compare_1.jpeg Graphic file (type j
pg)
 <use /home/william/Reading/rstudio/climate/compare_1.jpeg>
<climate_vignette-010.pdf, id=47, 433.62pt x 433.62pt>
File: climate_vignette-010.pdf Graphic file (type pdf)

<use climate_vignette-010.pdf> [7 </home/william/Reading/rstudio/climate/compar
e_1.jpeg>] [8 <./climate_vignette-010.pdf>] [9] [10]
<climate_vignette-011.pdf, id=66, 433.62pt x 433.62pt>
File: climate_vignette-011.pdf Graphic file (type pdf)

<use climate_vignette-011.pdf>
<climate_vignette-012.pdf, id=67, 433.62pt x 433.62pt>
File: climate_vignette-012.pdf Graphic file (type pdf)

<use climate_vignette-012.pdf> [11 <./climate_vignette-011.pdf>]
<climate_vignette-013.pdf, id=77, 433.62pt x 433.62pt>
File: climate_vignette-013.pdf Graphic file (type pdf)

<use climate_vignette-013.pdf> [12 <./climate_vignette-012.pdf>]
<climate_vignette-014.pdf, id=87, 433.62pt x 433.62pt>
File: climate_vignette-014.pdf Graphic file (type pdf)

<use climate_vignette-014.pdf> [13 <./climate_vignette-013.pdf>]
</home/william/Reading/rstudio/climate/inter_plot1.jpeg, id=98, 673.51625pt x 3
64.36125pt>
File: /home/william/Reading/rstudio/climate/inter_plot1.jpeg Graphic file (type
 jpg)
 <use /home/william/Reading/rstudio/climate/inter_plot1.jpeg>
[14 <./climate_vignette-014.pdf> </home/william/Reading/rstudio/climate/inter_p
lot1.jpeg>]
</home/william/Reading/rstudio/climate/inter_plot2.jpeg, id=107, 673.51625pt x 
364.36125pt>
File: /home/william/Reading/rstudio/climate/inter_plot2.jpeg Graphic file (type
 jpg)
 <use /home/william/Reading/rstudio/climate/inter_plot2.jpeg>
</home/william/Reading/rstudio/climate/inter_plot3.jpeg, id=108, 673.51625pt x 
364.36125pt>
File: /home/william/Reading/rstudio/climate/inter_plot3.jpeg Graphic file (type
 jpg)
 <use /home/william/Reading/rstudio/climate/inter_plot3.jpeg>
[15 </home/william/Reading/rstudio/climate/inter_plot2.jpeg> </home/william/Rea
ding/rstudio/climate/inter_plot3.jpeg>]
<climate_vignette-017.pdf, id=112, 433.62pt x 433.62pt>
File: climate_vignette-017.pdf Graphic file (type pdf)

<use climate_vignette-017.pdf> [16]
Overfull \hbox (72.02924pt too wide) in paragraph at lines 613--624
\T1/aer/m/n/10 tains ev-ery value of x with the given value of y. So zaza_split
=split(zaza_doy$\OML/cmm/m/it/10 Rain; zaza[]doy$\T1/aer/m/n/10 DOY)
 []


Overfull \hbox (132.05602pt too wide) in paragraph at lines 613--624
\T1/aer/m/n/10 tt zaza_split[["120"]] is a vec-tor of all rain-fall on Day of Y
ear 120. So \T1/aett/m/n/10 mean(zaza_split[["120"]],na.rm=TRUE)
 []


Overfull \hbox (114.41743pt too wide) in paragraph at lines 613--624
\T1/aer/m/n/10 plies func-tion to ev-ery el-e-ment of list, pass-ing args to fu
nc-tion. So \T1/aett/m/n/10 sapply(zaza_split,mean,na.rm=TRUE)
 []

<climate_vignette-018.pdf, id=116, 433.62pt x 433.62pt>
File: climate_vignette-018.pdf Graphic file (type pdf)

<use climate_vignette-018.pdf> [17 <./climate_vignette-017.pdf>] [18 <./climate
_vignette-018.pdf>] [19]
<climate_vignette-021.pdf, id=137, 433.62pt x 433.62pt>
File: climate_vignette-021.pdf Graphic file (type pdf)

<use climate_vignette-021.pdf> [20 <./climate_vignette-021.pdf>]
<climate_vignette-022.pdf, id=147, 433.62pt x 433.62pt>
File: climate_vignette-022.pdf Graphic file (type pdf)

<use climate_vignette-022.pdf>
<climate_vignette-023.pdf, id=148, 433.62pt x 433.62pt>
File: climate_vignette-023.pdf Graphic file (type pdf)

<use climate_vignette-023.pdf> [21 <./climate_vignette-022.pdf>]
<climate_vignette-024.pdf, id=157, 433.62pt x 433.62pt>
File: climate_vignette-024.pdf Graphic file (type pdf)

<use climate_vignette-024.pdf> [22 <./climate_vignette-023.pdf>] [23 <./climate
_vignette-024.pdf>] <climate_vignette-027.pdf, id=176, 433.62pt x 433.62pt>
File: climate_vignette-027.pdf Graphic file (type pdf)

<use climate_vignette-027.pdf>
Overfull \hbox (3.20038pt too wide) in paragraph at lines 854--858
[] \T1/aer/m/n/10 We can com-pare
 []

<climate_vignette-028.pdf, id=177, 433.62pt x 433.62pt>
File: climate_vignette-028.pdf Graphic file (type pdf)

<use climate_vignette-028.pdf> [24 <./climate_vignette-027.pdf>] [25 <./climate
_vignette-028.pdf>] [26] [27]
Overfull \hbox (7.6793pt too wide) in paragraph at lines 1051--1059
\T1/aett/m/n/10 add_markov\T1/aer/m/n/10 , \T1/aett/m/n/10 add_spell_info add_d
my\T1/aer/m/n/10 ) take a stan-dard data set and add columns
 []


Overfull \hbox (14.869pt too wide) in paragraph at lines 1066--1069
[]\T1/aett/m/n/10 A \T1/aer/bx/n/10 model \T1/aett/m/n/10 contains all the info
rmation needed to create a synthetic
 []


Overfull \hbox (16.55933pt too wide) in paragraph at lines 1066--1069
\T1/aett/m/n/10 data set (using the function synth_data_set_mod). At present a 
model
 []


Overfull \hbox (2.18768pt too wide) in paragraph at lines 1073--1074
[]\T1/aett/m/n/10 A data set is a data frame with at least
 []

[28]
Overfull \hbox (4.87943pt too wide) in paragraph at lines 1080--1084
\T1/aett/m/n/10 Every year will have 366 days. If the year is a leap year day
 []


Overfull \hbox (4.87943pt too wide) in paragraph at lines 1080--1084
\T1/aett/m/n/10 60 will be Feb 29, if not day 60 has a NA date and an NA rain.
 []


Overfull \hbox (10.11942pt too wide) in paragraph at lines 1080--1084
\T1/aett/m/n/10 For any year day 61 is March 1. The function convert_data will
 []


Overfull \hbox (10.11942pt too wide) in paragraph at lines 1080--1084
\T1/aett/m/n/10 take any data set with columns Station, Rain and Date, and make

 []


Overfull \hbox (28.87787pt too wide) in paragraph at lines 1087--1089
[]\T1/aett/m/n/10 A data set may or may not have the following
 []


Overfull \hbox (50.66846pt too wide) in paragraph at lines 1090--1094
[]\T1/aett/m/n/10 The column wet_or_dry contains "w" or "d" depending
 []


Overfull \hbox (37.3594pt too wide) in paragraph at lines 1090--1094
\T1/aett/m/n/10 on whether the rainfall is above a threshold (.12mm by default)
.
 []


Overfull \hbox (11.15945pt too wide) in paragraph at lines 1090--1094
\T1/aett/m/n/10 The lags up to order n (default 2) are a string or n w's or
 []


Overfull \hbox (0.67947pt too wide) in paragraph at lines 1090--1094
\T1/aett/m/n/10 d's and record what happened on the previous days. These
 []


Overfull \hbox (18.35771pt too wide) in paragraph at lines 1094--1099
[]\T1/aett/m/n/10 These two columns are used to indicate
 []


Overfull \hbox (11.15945pt too wide) in paragraph at lines 1094--1099
\T1/aett/m/n/10 the length of wet and dry spells. A spell is any number of
 []


Overfull \hbox (5.91946pt too wide) in paragraph at lines 1094--1099
\T1/aett/m/n/10 consecutive w or d days, or a single NA day. For each row
 []


Overfull \hbox (21.63943pt too wide) in paragraph at lines 1094--1099
\T1/aett/m/n/10 first_DOY and spell_length refer to the current spell. These
 []


Overfull \hbox (7.0486pt too wide) in paragraph at lines 1100--1101
[]\T1/aett/m/n/10 A data frame with 366 rows and the following columns 
 []


Overfull \hbox (4.81908pt too wide) in paragraph at lines 1106--1108
[]\T1/aett/m/n/10 The probability that the day is w given that the lag
 []


Overfull \hbox (47.61856pt too wide) in paragraph at lines 1109--1111
[]\T1/aett/m/n/10 Mean and standard deviation of rainfall conditioned
 []


Overfull \hbox (20.1692pt too wide) in paragraph at lines 1111--1113
[]\T1/aett/m/n/10 The number of rainy days for which the given lag was seen 
 []


Overfull \hbox (20.5994pt too wide) in paragraph at lines 1114--1116
\T1/aett/m/n/10 A probability set can be created from a data set with markov in
fo
 []


Overfull \hbox (6.19894pt too wide) in paragraph at lines 1116--1119
[]\T1/aett/m/n/10 A model from which data sets can by synthesized. Nothing is
 []


Overfull \hbox (31.07938pt too wide) in paragraph at lines 1116--1119
\T1/aett/m/n/10 stable, but this is almost sure to change in some ways. At pres
ent
 []

[29]
Overfull \hbox (7.73915pt too wide) in paragraph at lines 1120--1121
[]\T1/aett/m/n/10 Row 1, higher order, Row 2, order used for wet days, Row 3
 []


Overfull \hbox (5.91946pt too wide) in paragraph at lines 1120--1121
\T1/aett/m/n/10 order used for dry days, Other rows NA (This will be added
 []


Overfull \hbox (23.09854pt too wide) in paragraph at lines 1122--1123
[]\T1/aett/m/n/10 mean and standard deviation of rain on rainy days 
 []


Overfull \hbox (4.87943pt too wide) in paragraph at lines 1124--1125
\T1/aett/m/n/10 A model can be made from a probability set using make_model_pl 

 []

[30] (./climate_vignette.aux) ) 
Here is how much of TeX's memory you used:
 2296 strings out of 495061
 33142 string characters out of 1182621
 79779 words of memory out of 3000000
 5406 multiletter control sequences out of 15000+50000
 35411 words of font info for 75 fonts, out of 3000000 for 9000
 28 hyphenation exceptions out of 8191
 35i,6n,21p,222b,280s stack positions out of 5000i,500n,10000p,200000b,50000s
</usr/share/texmf-texlive/fonts/type1/public/ams
fonts/cm/cmbsy10.pfb></usr/share/texmf-texlive/fonts/type1/public/amsfonts/cm/c
mbx10.pfb></usr/share/texmf-texlive/fonts/type1/public/amsfonts/cm/cmbx12.pfb><
/usr/share/texmf-texlive/fonts/type1/public/amsfonts/cm/cmbx9.pfb></usr/share/t
exmf-texlive/fonts/type1/public/amsfonts/cm/cmmi10.pfb></usr/share/texmf-texliv
e/fonts/type1/public/amsfonts/cm/cmmi7.pfb></usr/share/texmf-texlive/fonts/type
1/public/amsfonts/cm/cmmib10.pfb></usr/share/texmf-texlive/fonts/type1/public/a
msfonts/cm/cmr10.pfb></usr/share/texmf-texlive/fonts/type1/public/amsfonts/cm/c
mr12.pfb></usr/share/texmf-texlive/fonts/type1/public/amsfonts/cm/cmr17.pfb></u
sr/share/texmf-texlive/fonts/type1/public/amsfonts/cm/cmr9.pfb></usr/share/texm
f-texlive/fonts/type1/public/amsfonts/cm/cmsltt10.pfb></usr/share/texmf-texlive
/fonts/type1/public/amsfonts/cm/cmsy10.pfb></usr/share/texmf-texlive/fonts/type
1/public/amsfonts/cm/cmti10.pfb></usr/share/texmf-texlive/fonts/type1/public/am
sfonts/cm/cmtt10.pfb>
Output written on climate_vignette.pdf (30 pages, 775302 bytes).
PDF statistics:
 261 PDF objects out of 1000 (max. 8388607)
 0 named destinations out of 1000 (max. 500000)
 100 words of extra memory for PDF output out of 10000 (max. 10000000)

